<?xml version="1.0" encoding="UTF-8"?>
<testsuite name="test.java.de.Xiekang.Models.MarketTest" tests="1" skipped="0" failures="0" errors="0" timestamp="2018-05-30T12:24:05" hostname="WL-POOL4-PNT-03117.UNI-MUENSTER.DE" time="0.002">
  <properties/>
  <testcase name="createExpectation" classname="test.java.de.Xiekang.Models.MarketTest" time="0.002"/>
  <system-out><![CDATA[1 {1=0.25, 2=0.25} 
2 {1=0.25, 2=0.25} 
]]></system-out>
  <system-err><![CDATA[]]></system-err>
</testsuite>
